<?xml version="1.0" encoding="UTF-8"?>
<coverage generated="1658119644630" clover="3.2.0">
  <project timestamp="1658119644630" name="All files">
    <metrics statements="33" coveredstatements="30" conditionals="2" coveredconditionals="1" methods="9" coveredmethods="9" elements="44" coveredelements="40" complexity="0" loc="33" ncloc="33" packages="7" files="11" classes="11"/>
    <package name="src">
      <metrics statements="1" coveredstatements="0" conditionals="0" coveredconditionals="0" methods="0" coveredmethods="0"/>
      <file name="index.jsx" path="C:\Users\eliez\OneDrive\Documentos\Projetos\naruto-quotes\App\src\index.jsx">
        <metrics statements="1" coveredstatements="0" conditionals="0" coveredconditionals="0" methods="0" coveredmethods="0"/>
        <line num="6" count="0" type="stmt"/>
      </file>
    </package>
    <package name="src.components.Button">
      <metrics statements="4" coveredstatements="4" conditionals="0" coveredconditionals="0" methods="1" coveredmethods="1"/>
      <file name="Button.jsx" path="C:\Users\eliez\OneDrive\Documentos\Projetos\naruto-quotes\App\src\components\Button\Button.jsx">
        <metrics statements="4" coveredstatements="4" conditionals="0" coveredconditionals="0" methods="1" coveredmethods="1"/>
        <line num="4" count="3" type="stmt"/>
        <line num="5" count="9" type="stmt"/>
        <line num="10" count="3" type="stmt"/>
        <line num="15" count="3" type="stmt"/>
      </file>
      <file name="index.js" path="C:\Users\eliez\OneDrive\Documentos\Projetos\naruto-quotes\App\src\components\Button\index.js">
        <metrics statements="0" coveredstatements="0" conditionals="0" coveredconditionals="0" methods="0" coveredmethods="0"/>
      </file>
    </package>
    <package name="src.components.GlobalStyle">
      <metrics statements="1" coveredstatements="0" conditionals="0" coveredconditionals="0" methods="0" coveredmethods="0"/>
      <file name="GlobalStyle.js" path="C:\Users\eliez\OneDrive\Documentos\Projetos\naruto-quotes\App\src\components\GlobalStyle\GlobalStyle.js">
        <metrics statements="1" coveredstatements="0" conditionals="0" coveredconditionals="0" methods="0" coveredmethods="0"/>
        <line num="4" count="0" type="stmt"/>
      </file>
      <file name="index.js" path="C:\Users\eliez\OneDrive\Documentos\Projetos\naruto-quotes\App\src\components\GlobalStyle\index.js">
        <metrics statements="0" coveredstatements="0" conditionals="0" coveredconditionals="0" methods="0" coveredmethods="0"/>
      </file>
    </package>
    <package name="src.components.Quotes">
      <metrics statements="6" coveredstatements="6" conditionals="0" coveredconditionals="0" methods="1" coveredmethods="1"/>
      <file name="Quotes.jsx" path="C:\Users\eliez\OneDrive\Documentos\Projetos\naruto-quotes\App\src\components\Quotes\Quotes.jsx">
        <metrics statements="6" coveredstatements="6" conditionals="0" coveredconditionals="0" methods="1" coveredmethods="1"/>
        <line num="5" count="2" type="stmt"/>
        <line num="6" count="8" type="stmt"/>
        <line num="15" count="2" type="stmt"/>
        <line num="20" count="2" type="stmt"/>
        <line num="27" count="2" type="stmt"/>
        <line num="32" count="2" type="stmt"/>
      </file>
      <file name="index.js" path="C:\Users\eliez\OneDrive\Documentos\Projetos\naruto-quotes\App\src\components\Quotes\index.js">
        <metrics statements="0" coveredstatements="0" conditionals="0" coveredconditionals="0" methods="0" coveredmethods="0"/>
      </file>
    </package>
    <package name="src.pages">
      <metrics statements="18" coveredstatements="17" conditionals="2" coveredconditionals="1" methods="5" coveredmethods="5"/>
      <file name="App.jsx" path="C:\Users\eliez\OneDrive\Documentos\Projetos\naruto-quotes\App\src\pages\App.jsx">
        <metrics statements="18" coveredstatements="17" conditionals="2" coveredconditionals="1" methods="5" coveredmethods="5"/>
        <line num="8" count="1" type="stmt"/>
        <line num="13" count="6" type="stmt"/>
        <line num="14" count="6" type="stmt"/>
        <line num="16" count="6" type="stmt"/>
        <line num="17" count="1" type="stmt"/>
        <line num="18" count="1" type="stmt"/>
        <line num="19" count="1" type="stmt"/>
        <line num="22" count="0" type="stmt"/>
        <line num="27" count="6" type="stmt"/>
        <line num="28" count="3" type="cond" truecount="1" falsecount="1"/>
        <line num="29" count="3" type="stmt"/>
        <line num="31" count="3" type="stmt"/>
        <line num="32" count="3" type="stmt"/>
        <line num="37" count="4" type="stmt"/>
        <line num="38" count="4" type="stmt"/>
        <line num="41" count="6" type="stmt"/>
        <line num="53" count="1" type="stmt"/>
        <line num="61" count="1" type="stmt"/>
      </file>
    </package>
    <package name="src.services">
      <metrics statements="0" coveredstatements="0" conditionals="0" coveredconditionals="0" methods="0" coveredmethods="0"/>
      <file name="index.js" path="C:\Users\eliez\OneDrive\Documentos\Projetos\naruto-quotes\App\src\services\index.js">
        <metrics statements="0" coveredstatements="0" conditionals="0" coveredconditionals="0" methods="0" coveredmethods="0"/>
      </file>
    </package>
    <package name="src.services.quoteService">
      <metrics statements="3" coveredstatements="3" conditionals="0" coveredconditionals="0" methods="2" coveredmethods="2"/>
      <file name="index.js" path="C:\Users\eliez\OneDrive\Documentos\Projetos\naruto-quotes\App\src\services\quoteService\index.js">
        <metrics statements="0" coveredstatements="0" conditionals="0" coveredconditionals="0" methods="0" coveredmethods="0"/>
      </file>
      <file name="quoteService.js" path="C:\Users\eliez\OneDrive\Documentos\Projetos\naruto-quotes\App\src\services\quoteService\quoteService.js">
        <metrics statements="3" coveredstatements="3" conditionals="0" coveredconditionals="0" methods="2" coveredmethods="2"/>
        <line num="1" count="2" type="stmt"/>
        <line num="2" count="5" type="stmt"/>
        <line num="3" count="5" type="stmt"/>
      </file>
    </package>
  </project>
</coverage>
