{"C:\\Users\\eliez\\OneDrive\\Documentos\\Projetos\\naruto-quotes\\App\\src\\index.jsx": {"path":"C:\\Users\\eliez\\OneDrive\\Documentos\\Projetos\\naruto-quotes\\App\\src\\index.jsx","statementMap":{"0":{"start":{"line":6,"column":0},"end":{"line":11,"column":1}}},"fnMap":{},"branchMap":{},"s":{"0":0},"f":{},"b":{}}
,"C:\\Users\\eliez\\OneDrive\\Documentos\\Projetos\\naruto-quotes\\App\\src\\components\\Button\\Button.jsx": {"path":"C:\\Users\\eliez\\OneDrive\\Documentos\\Projetos\\naruto-quotes\\App\\src\\components\\Button\\Button.jsx","statementMap":{"0":{"start":{"line":4,"column":22},"end":{"line":8,"column":1}},"1":{"start":{"line":5,"column":4},"end":{"line":7,"column":5}},"2":{"start":{"line":10,"column":0},"end":{"line":13,"column":1}},"3":{"start":{"line":15,"column":21},"end":{"line":28,"column":1}}},"fnMap":{"0":{"name":"(anonymous_0)","decl":{"start":{"line":4,"column":22},"end":{"line":4,"column":23}},"loc":{"start":{"line":4,"column":43},"end":{"line":8,"column":1}},"line":4}},"branchMap":{},"s":{"0":3,"1":9,"2":3,"3":3},"f":{"0":9},"b":{},"_coverageSchema":"1a1c01bbd47fc00a2c39e90264f33305004495a9","hash":"0c81dc738964ebe55daf6ff1974309629b3be1a2"}
,"C:\\Users\\eliez\\OneDrive\\Documentos\\Projetos\\naruto-quotes\\App\\src\\components\\Button\\index.js": {"path":"C:\\Users\\eliez\\OneDrive\\Documentos\\Projetos\\naruto-quotes\\App\\src\\components\\Button\\index.js","statementMap":{},"fnMap":{},"branchMap":{},"s":{},"f":{},"b":{},"_coverageSchema":"1a1c01bbd47fc00a2c39e90264f33305004495a9","hash":"0a8b028e9a5a8d226586f249a3e6b8cee61b5857"}
,"C:\\Users\\eliez\\OneDrive\\Documentos\\Projetos\\naruto-quotes\\App\\src\\components\\GlobalStyle\\GlobalStyle.js": {"path":"C:\\Users\\eliez\\OneDrive\\Documentos\\Projetos\\naruto-quotes\\App\\src\\components\\GlobalStyle\\GlobalStyle.js","statementMap":{"0":{"start":{"line":4,"column":27},"end":{"line":17,"column":1}}},"fnMap":{},"branchMap":{},"s":{"0":0},"f":{},"b":{}}
,"C:\\Users\\eliez\\OneDrive\\Documentos\\Projetos\\naruto-quotes\\App\\src\\components\\GlobalStyle\\index.js": {"path":"C:\\Users\\eliez\\OneDrive\\Documentos\\Projetos\\naruto-quotes\\App\\src\\components\\GlobalStyle\\index.js","statementMap":{},"fnMap":{},"branchMap":{},"s":{},"f":{},"b":{}}
,"C:\\Users\\eliez\\OneDrive\\Documentos\\Projetos\\naruto-quotes\\App\\src\\components\\Quotes\\Quotes.jsx": {"path":"C:\\Users\\eliez\\OneDrive\\Documentos\\Projetos\\naruto-quotes\\App\\src\\components\\Quotes\\Quotes.jsx","statementMap":{"0":{"start":{"line":5,"column":22},"end":{"line":13,"column":1}},"1":{"start":{"line":6,"column":4},"end":{"line":12,"column":6}},"2":{"start":{"line":15,"column":0},"end":{"line":18,"column":1}},"3":{"start":{"line":20,"column":15},"end":{"line":25,"column":1}},"4":{"start":{"line":27,"column":14},"end":{"line":30,"column":1}},"5":{"start":{"line":32,"column":16},"end":{"line":36,"column":1}}},"fnMap":{"0":{"name":"(anonymous_0)","decl":{"start":{"line":5,"column":22},"end":{"line":5,"column":23}},"loc":{"start":{"line":5,"column":52},"end":{"line":13,"column":1}},"line":5}},"branchMap":{},"s":{"0":2,"1":8,"2":2,"3":2,"4":2,"5":2},"f":{"0":8},"b":{},"_coverageSchema":"1a1c01bbd47fc00a2c39e90264f33305004495a9","hash":"924782b928c789807d1be6ab601b320578f9a9ad"}
,"C:\\Users\\eliez\\OneDrive\\Documentos\\Projetos\\naruto-quotes\\App\\src\\components\\Quotes\\index.js": {"path":"C:\\Users\\eliez\\OneDrive\\Documentos\\Projetos\\naruto-quotes\\App\\src\\components\\Quotes\\index.js","statementMap":{},"fnMap":{},"branchMap":{},"s":{},"f":{},"b":{},"_coverageSchema":"1a1c01bbd47fc00a2c39e90264f33305004495a9","hash":"c06b0f12a630acf8d762902368844ce2e4d8ef29"}
,"C:\\Users\\eliez\\OneDrive\\Documentos\\Projetos\\naruto-quotes\\App\\src\\pages\\App.jsx": {"path":"C:\\Users\\eliez\\OneDrive\\Documentos\\Projetos\\naruto-quotes\\App\\src\\pages\\App.jsx","statementMap":{"0":{"start":{"line":8,"column":14},"end":{"line":8,"column":35}},"1":{"start":{"line":13,"column":31},"end":{"line":13,"column":41}},"2":{"start":{"line":14,"column":23},"end":{"line":14,"column":35}},"3":{"start":{"line":16,"column":21},"end":{"line":25,"column":5}},"4":{"start":{"line":17,"column":8},"end":{"line":23,"column":9}},"5":{"start":{"line":18,"column":12},"end":{"line":18,"column":24}},"6":{"start":{"line":19,"column":12},"end":{"line":19,"column":25}},"7":{"start":{"line":22,"column":12},"end":{"line":22,"column":31}},"8":{"start":{"line":27,"column":4},"end":{"line":34,"column":9}},"9":{"start":{"line":28,"column":8},"end":{"line":29,"column":24}},"10":{"start":{"line":29,"column":12},"end":{"line":29,"column":24}},"11":{"start":{"line":31,"column":8},"end":{"line":33,"column":9}},"12":{"start":{"line":32,"column":12},"end":{"line":32,"column":38}},"13":{"start":{"line":37,"column":28},"end":{"line":37,"column":44}},"14":{"start":{"line":38,"column":8},"end":{"line":38,"column":35}},"15":{"start":{"line":41,"column":4},"end":{"line":49,"column":6}},"16":{"start":{"line":53,"column":16},"end":{"line":59,"column":1}},"17":{"start":{"line":61,"column":18},"end":{"line":64,"column":1}}},"fnMap":{"0":{"name":"App","decl":{"start":{"line":11,"column":16},"end":{"line":11,"column":19}},"loc":{"start":{"line":11,"column":22},"end":{"line":50,"column":1}},"line":11},"1":{"name":"(anonymous_1)","decl":{"start":{"line":16,"column":21},"end":{"line":16,"column":22}},"loc":{"start":{"line":16,"column":27},"end":{"line":25,"column":5}},"line":16},"2":{"name":"(anonymous_2)","decl":{"start":{"line":27,"column":14},"end":{"line":27,"column":15}},"loc":{"start":{"line":27,"column":20},"end":{"line":34,"column":5}},"line":27},"3":{"name":"(anonymous_3)","decl":{"start":{"line":31,"column":15},"end":{"line":31,"column":16}},"loc":{"start":{"line":31,"column":21},"end":{"line":33,"column":9}},"line":31},"4":{"name":"loadQuote","decl":{"start":{"line":36,"column":19},"end":{"line":36,"column":28}},"loc":{"start":{"line":36,"column":31},"end":{"line":39,"column":5}},"line":36}},"branchMap":{"0":{"loc":{"start":{"line":28,"column":8},"end":{"line":29,"column":24}},"type":"if","locations":[{"start":{"line":28,"column":8},"end":{"line":29,"column":24}},{"start":{},"end":{}}],"line":28}},"s":{"0":1,"1":6,"2":6,"3":6,"4":1,"5":1,"6":1,"7":0,"8":6,"9":3,"10":3,"11":3,"12":3,"13":4,"14":4,"15":6,"16":1,"17":1},"f":{"0":6,"1":1,"2":3,"3":3,"4":4},"b":{"0":[3,0]},"_coverageSchema":"1a1c01bbd47fc00a2c39e90264f33305004495a9","hash":"1d11c0c6783c1a37f48748ef09773777bdd0e939"}
,"C:\\Users\\eliez\\OneDrive\\Documentos\\Projetos\\naruto-quotes\\App\\src\\services\\index.js": {"path":"C:\\Users\\eliez\\OneDrive\\Documentos\\Projetos\\naruto-quotes\\App\\src\\services\\index.js","statementMap":{},"fnMap":{},"branchMap":{},"s":{},"f":{},"b":{},"_coverageSchema":"1a1c01bbd47fc00a2c39e90264f33305004495a9","hash":"de44e40a867e0fc8a6a5c3f3f99bc3d7ef211ca2"}
,"C:\\Users\\eliez\\OneDrive\\Documentos\\Projetos\\naruto-quotes\\App\\src\\services\\quoteService\\index.js": {"path":"C:\\Users\\eliez\\OneDrive\\Documentos\\Projetos\\naruto-quotes\\App\\src\\services\\quoteService\\index.js","statementMap":{},"fnMap":{},"branchMap":{},"s":{},"f":{},"b":{},"_coverageSchema":"1a1c01bbd47fc00a2c39e90264f33305004495a9","hash":"ae4d3d257732da90de9c77bae1b32e827c6726d1"}
,"C:\\Users\\eliez\\OneDrive\\Documentos\\Projetos\\naruto-quotes\\App\\src\\services\\quoteService\\quoteService.js": {"path":"C:\\Users\\eliez\\OneDrive\\Documentos\\Projetos\\naruto-quotes\\App\\src\\services\\quoteService\\quoteService.js","statementMap":{"0":{"start":{"line":1,"column":24},"end":{"line":3,"column":36}},"1":{"start":{"line":2,"column":4},"end":{"line":3,"column":36}},"2":{"start":{"line":3,"column":21},"end":{"line":3,"column":35}}},"fnMap":{"0":{"name":"(anonymous_0)","decl":{"start":{"line":1,"column":24},"end":{"line":1,"column":25}},"loc":{"start":{"line":2,"column":4},"end":{"line":3,"column":36}},"line":2},"1":{"name":"(anonymous_1)","decl":{"start":{"line":3,"column":10},"end":{"line":3,"column":11}},"loc":{"start":{"line":3,"column":21},"end":{"line":3,"column":35}},"line":3}},"branchMap":{},"s":{"0":2,"1":5,"2":5},"f":{"0":5,"1":5},"b":{},"_coverageSchema":"1a1c01bbd47fc00a2c39e90264f33305004495a9","hash":"29eada0e651ebcbee8c80b4768b8ccfe0fa6d92b"}
}
